2025-04-16 21:43:42 INFO [sqlalchemy.engine.Engine]: select pg_catalog.version()
2025-04-16 21:43:42 INFO [sqlalchemy.engine.Engine]: [raw sql] ()
2025-04-16 21:43:42 INFO [sqlalchemy.engine.Engine]: select current_schema()
2025-04-16 21:43:42 INFO [sqlalchemy.engine.Engine]: [raw sql] ()
2025-04-16 21:43:42 INFO [sqlalchemy.engine.Engine]: show standard_conforming_strings
2025-04-16 21:43:42 INFO [sqlalchemy.engine.Engine]: [raw sql] ()
2025-04-16 21:43:42 INFO [sqlalchemy.engine.Engine]: BEGIN (implicit)
2025-04-16 21:43:42 INFO [sqlalchemy.engine.Engine]: SELECT users.id, users.email, users.hashed_password, users.username, users.gender, users.date_of_birth, users.created_at, user_subscriptions.user_id, user_subscriptions.subscription_id, user_subscriptions.start_date, user_subscriptions.end_date, user_subscriptions.is_active, subscriptions.id AS id_1, subscriptions.subscription_type, subscriptions.created_at AS created_at_1 
FROM users LEFT OUTER JOIN user_subscriptions ON users.id = user_subscriptions.user_id LEFT OUTER JOIN subscriptions ON user_subscriptions.subscription_id = subscriptions.id 
WHERE users.email = $1::VARCHAR AND users.hashed_password = $2::VARCHAR
2025-04-16 21:43:42 INFO [sqlalchemy.engine.Engine]: [generated in 0.00072s] ('dhvendev@gmail.com', 'test')
2025-04-16 21:43:42 INFO [sqlalchemy.engine.Engine]: ROLLBACK
2025-04-16 21:44:01 INFO [sqlalchemy.engine.Engine]: select pg_catalog.version()
2025-04-16 21:44:01 INFO [sqlalchemy.engine.Engine]: [raw sql] ()
2025-04-16 21:44:01 INFO [sqlalchemy.engine.Engine]: select current_schema()
2025-04-16 21:44:01 INFO [sqlalchemy.engine.Engine]: [raw sql] ()
2025-04-16 21:44:01 INFO [sqlalchemy.engine.Engine]: show standard_conforming_strings
2025-04-16 21:44:01 INFO [sqlalchemy.engine.Engine]: [raw sql] ()
2025-04-16 21:44:01 INFO [sqlalchemy.engine.Engine]: BEGIN (implicit)
2025-04-16 21:44:02 INFO [sqlalchemy.engine.Engine]: SELECT users.id, users.email, users.hashed_password, users.username, users.gender, users.date_of_birth, users.created_at, user_subscriptions.user_id, user_subscriptions.subscription_id, user_subscriptions.start_date, user_subscriptions.end_date, user_subscriptions.is_active, subscriptions.id AS id_1, subscriptions.subscription_type, subscriptions.created_at AS created_at_1 
FROM users LEFT OUTER JOIN user_subscriptions ON users.id = user_subscriptions.user_id LEFT OUTER JOIN subscriptions ON user_subscriptions.subscription_id = subscriptions.id 
WHERE users.email = $1::VARCHAR AND users.hashed_password = $2::VARCHAR
2025-04-16 21:44:02 INFO [sqlalchemy.engine.Engine]: [generated in 0.00035s] ('dhvendev@gmail.com', 'test')
2025-04-16 21:44:02 INFO [sqlalchemy.engine.Engine]: ROLLBACK
2025-04-16 21:45:33 INFO [sqlalchemy.engine.Engine]: select pg_catalog.version()
2025-04-16 21:45:33 INFO [sqlalchemy.engine.Engine]: [raw sql] ()
2025-04-16 21:45:33 INFO [sqlalchemy.engine.Engine]: select current_schema()
2025-04-16 21:45:33 INFO [sqlalchemy.engine.Engine]: [raw sql] ()
2025-04-16 21:45:33 INFO [sqlalchemy.engine.Engine]: show standard_conforming_strings
2025-04-16 21:45:33 INFO [sqlalchemy.engine.Engine]: [raw sql] ()
2025-04-16 21:45:33 INFO [sqlalchemy.engine.Engine]: BEGIN (implicit)
2025-04-16 21:45:33 INFO [sqlalchemy.engine.Engine]: SELECT users.id, users.email, users.hashed_password, users.username, users.gender, users.date_of_birth, users.created_at, user_subscriptions.user_id, user_subscriptions.subscription_id, user_subscriptions.start_date, user_subscriptions.end_date, user_subscriptions.is_active, subscriptions.id AS id_1, subscriptions.subscription_type, subscriptions.created_at AS created_at_1 
FROM users LEFT OUTER JOIN user_subscriptions ON users.id = user_subscriptions.user_id LEFT OUTER JOIN subscriptions ON user_subscriptions.subscription_id = subscriptions.id 
WHERE users.email = $1::VARCHAR AND users.hashed_password = $2::VARCHAR
2025-04-16 21:45:33 INFO [sqlalchemy.engine.Engine]: [generated in 0.00035s] ('dhvendev@gmail.com', 'test')
2025-04-16 21:45:33 INFO [sqlalchemy.engine.Engine]: ROLLBACK
2025-04-16 21:45:51 INFO [sqlalchemy.engine.Engine]: BEGIN (implicit)
2025-04-16 21:45:51 INFO [sqlalchemy.engine.Engine]: SELECT users.id, users.email, users.hashed_password, users.username, users.gender, users.date_of_birth, users.created_at, user_subscriptions.user_id, user_subscriptions.subscription_id, user_subscriptions.start_date, user_subscriptions.end_date, user_subscriptions.is_active, subscriptions.id AS id_1, subscriptions.subscription_type, subscriptions.created_at AS created_at_1 
FROM users LEFT OUTER JOIN user_subscriptions ON users.id = user_subscriptions.user_id LEFT OUTER JOIN subscriptions ON user_subscriptions.subscription_id = subscriptions.id 
WHERE users.email = $1::VARCHAR AND users.hashed_password = $2::VARCHAR
2025-04-16 21:45:51 INFO [sqlalchemy.engine.Engine]: [cached since 18.25s ago] ('dhvendev@gmail.com', 'test')
2025-04-16 21:45:51 INFO [sqlalchemy.engine.Engine]: ROLLBACK
2025-04-16 21:51:05 INFO [sqlalchemy.engine.Engine]: select pg_catalog.version()
2025-04-16 21:51:05 INFO [sqlalchemy.engine.Engine]: [raw sql] ()
2025-04-16 21:51:05 INFO [sqlalchemy.engine.Engine]: select current_schema()
2025-04-16 21:51:05 INFO [sqlalchemy.engine.Engine]: [raw sql] ()
2025-04-16 21:51:05 INFO [sqlalchemy.engine.Engine]: show standard_conforming_strings
2025-04-16 21:51:05 INFO [sqlalchemy.engine.Engine]: [raw sql] ()
2025-04-16 21:51:05 INFO [sqlalchemy.engine.Engine]: BEGIN (implicit)
2025-04-16 21:51:05 INFO [sqlalchemy.engine.Engine]: SELECT users.id, users.email, users.hashed_password, users.username, users.gender, users.date_of_birth, users.created_at, user_subscriptions.user_id, user_subscriptions.subscription_id, user_subscriptions.start_date, user_subscriptions.end_date, user_subscriptions.is_active, subscriptions.id AS id_1, subscriptions.subscription_type, subscriptions.created_at AS created_at_1 
FROM users LEFT OUTER JOIN user_subscriptions ON users.id = user_subscriptions.user_id LEFT OUTER JOIN subscriptions ON user_subscriptions.subscription_id = subscriptions.id 
WHERE users.email = $1::VARCHAR AND users.hashed_password = $2::VARCHAR
2025-04-16 21:51:05 INFO [sqlalchemy.engine.Engine]: [generated in 0.00034s] ('dhvendev@gmail.com', 'test')
2025-04-16 21:51:05 INFO [sqlalchemy.engine.Engine]: ROLLBACK
2025-04-16 21:55:14 INFO [sqlalchemy.engine.Engine]: select pg_catalog.version()
2025-04-16 21:55:14 INFO [sqlalchemy.engine.Engine]: [raw sql] ()
2025-04-16 21:55:14 INFO [sqlalchemy.engine.Engine]: select current_schema()
2025-04-16 21:55:14 INFO [sqlalchemy.engine.Engine]: [raw sql] ()
2025-04-16 21:55:14 INFO [sqlalchemy.engine.Engine]: show standard_conforming_strings
2025-04-16 21:55:14 INFO [sqlalchemy.engine.Engine]: [raw sql] ()
2025-04-16 21:55:14 INFO [sqlalchemy.engine.Engine]: BEGIN (implicit)
2025-04-16 21:55:14 INFO [sqlalchemy.engine.Engine]: SELECT users.id, users.email, users.hashed_password, users.username, users.gender, users.date_of_birth, users.created_at, user_subscriptions.user_id, user_subscriptions.subscription_id, user_subscriptions.start_date, user_subscriptions.end_date, user_subscriptions.is_active, subscriptions.id AS id_1, subscriptions.subscription_type, subscriptions.created_at AS created_at_1 
FROM users LEFT OUTER JOIN user_subscriptions ON users.id = user_subscriptions.user_id LEFT OUTER JOIN subscriptions ON user_subscriptions.subscription_id = subscriptions.id 
WHERE users.email = $1::VARCHAR AND users.hashed_password = $2::VARCHAR
2025-04-16 21:55:14 INFO [sqlalchemy.engine.Engine]: [generated in 0.00039s] ('dhvendev@gmail.com', 'test')
2025-04-16 21:55:14 INFO [sqlalchemy.engine.Engine]: ROLLBACK
2025-04-16 21:55:54 INFO [sqlalchemy.engine.Engine]: select pg_catalog.version()
2025-04-16 21:55:54 INFO [sqlalchemy.engine.Engine]: [raw sql] ()
2025-04-16 21:55:54 INFO [sqlalchemy.engine.Engine]: select current_schema()
2025-04-16 21:55:54 INFO [sqlalchemy.engine.Engine]: [raw sql] ()
2025-04-16 21:55:54 INFO [sqlalchemy.engine.Engine]: show standard_conforming_strings
2025-04-16 21:55:54 INFO [sqlalchemy.engine.Engine]: [raw sql] ()
2025-04-16 21:55:54 INFO [sqlalchemy.engine.Engine]: BEGIN (implicit)
2025-04-16 21:55:54 INFO [sqlalchemy.engine.Engine]: SELECT users.id, users.email, users.hashed_password, users.username, users.gender, users.date_of_birth, users.created_at, user_subscriptions.user_id, user_subscriptions.subscription_id, user_subscriptions.start_date, user_subscriptions.end_date, user_subscriptions.is_active, subscriptions.id AS id_1, subscriptions.subscription_type, subscriptions.created_at AS created_at_1 
FROM users LEFT OUTER JOIN user_subscriptions ON users.id = user_subscriptions.user_id LEFT OUTER JOIN subscriptions ON user_subscriptions.subscription_id = subscriptions.id 
WHERE users.email = $1::VARCHAR AND users.hashed_password = $2::VARCHAR
2025-04-16 21:55:54 INFO [sqlalchemy.engine.Engine]: [generated in 0.00034s] ('dhvendev@gmail.com', 'test')
2025-04-16 21:55:54 INFO [sqlalchemy.engine.Engine]: ROLLBACK
2025-04-16 21:57:49 INFO [sqlalchemy.engine.Engine]: BEGIN (implicit)
2025-04-16 21:57:49 INFO [sqlalchemy.engine.Engine]: SELECT users.id, users.email, users.hashed_password, users.username, users.gender, users.date_of_birth, users.created_at, user_subscriptions.user_id, user_subscriptions.subscription_id, user_subscriptions.start_date, user_subscriptions.end_date, user_subscriptions.is_active, subscriptions.id AS id_1, subscriptions.subscription_type, subscriptions.created_at AS created_at_1 
FROM users LEFT OUTER JOIN user_subscriptions ON users.id = user_subscriptions.user_id LEFT OUTER JOIN subscriptions ON user_subscriptions.subscription_id = subscriptions.id 
WHERE users.email = $1::VARCHAR AND users.hashed_password = $2::VARCHAR
2025-04-16 21:57:49 INFO [sqlalchemy.engine.Engine]: [cached since 114.8s ago] ('dhvendev@gmail.com', 'test')
2025-04-16 21:57:49 INFO [sqlalchemy.engine.Engine]: ROLLBACK
2025-04-16 21:58:23 INFO [sqlalchemy.engine.Engine]: BEGIN (implicit)
2025-04-16 21:58:23 INFO [sqlalchemy.engine.Engine]: SELECT users.id, users.email, users.hashed_password, users.username, users.gender, users.date_of_birth, users.created_at, user_subscriptions.user_id, user_subscriptions.subscription_id, user_subscriptions.start_date, user_subscriptions.end_date, user_subscriptions.is_active, subscriptions.id AS id_1, subscriptions.subscription_type, subscriptions.created_at AS created_at_1 
FROM users LEFT OUTER JOIN user_subscriptions ON users.id = user_subscriptions.user_id LEFT OUTER JOIN subscriptions ON user_subscriptions.subscription_id = subscriptions.id 
WHERE users.email = $1::VARCHAR AND users.hashed_password = $2::VARCHAR
2025-04-16 21:58:23 INFO [sqlalchemy.engine.Engine]: [cached since 149.3s ago] ('dhvendev@gmail.com', 'test')
2025-04-16 21:58:23 INFO [sqlalchemy.engine.Engine]: ROLLBACK
2025-04-16 22:03:09 INFO [sqlalchemy.engine.Engine]: select pg_catalog.version()
2025-04-16 22:03:09 INFO [sqlalchemy.engine.Engine]: [raw sql] ()
2025-04-16 22:03:09 INFO [sqlalchemy.engine.Engine]: select current_schema()
2025-04-16 22:03:09 INFO [sqlalchemy.engine.Engine]: [raw sql] ()
2025-04-16 22:03:09 INFO [sqlalchemy.engine.Engine]: show standard_conforming_strings
2025-04-16 22:03:09 INFO [sqlalchemy.engine.Engine]: [raw sql] ()
2025-04-16 22:03:09 INFO [sqlalchemy.engine.Engine]: BEGIN (implicit)
2025-04-16 22:03:09 INFO [sqlalchemy.engine.Engine]: SELECT users.id, users.email, users.hashed_password, users.username, users.gender, users.date_of_birth, users.created_at, user_subscriptions.user_id, user_subscriptions.subscription_id, user_subscriptions.start_date, user_subscriptions.end_date, user_subscriptions.is_active, subscriptions.id AS id_1, subscriptions.subscription_type, subscriptions.created_at AS created_at_1 
FROM users LEFT OUTER JOIN user_subscriptions ON users.id = user_subscriptions.user_id LEFT OUTER JOIN subscriptions ON user_subscriptions.subscription_id = subscriptions.id 
WHERE users.email = $1::VARCHAR AND users.hashed_password = $2::VARCHAR
2025-04-16 22:03:09 INFO [sqlalchemy.engine.Engine]: [generated in 0.00044s] ('dhvendev@gmail.com', 'test')
2025-04-16 22:03:09 INFO [sqlalchemy.engine.Engine]: ROLLBACK
2025-04-16 22:03:26 INFO [sqlalchemy.engine.Engine]: select pg_catalog.version()
2025-04-16 22:03:26 INFO [sqlalchemy.engine.Engine]: [raw sql] ()
2025-04-16 22:03:26 INFO [sqlalchemy.engine.Engine]: select current_schema()
2025-04-16 22:03:26 INFO [sqlalchemy.engine.Engine]: [raw sql] ()
2025-04-16 22:03:26 INFO [sqlalchemy.engine.Engine]: show standard_conforming_strings
2025-04-16 22:03:26 INFO [sqlalchemy.engine.Engine]: [raw sql] ()
2025-04-16 22:03:26 INFO [sqlalchemy.engine.Engine]: BEGIN (implicit)
2025-04-16 22:03:26 INFO [sqlalchemy.engine.Engine]: SELECT users.id, users.email, users.hashed_password, users.username, users.gender, users.date_of_birth, users.created_at, user_subscriptions.user_id, user_subscriptions.subscription_id, user_subscriptions.start_date, user_subscriptions.end_date, user_subscriptions.is_active, subscriptions.id AS id_1, subscriptions.subscription_type, subscriptions.created_at AS created_at_1 
FROM users LEFT OUTER JOIN user_subscriptions ON users.id = user_subscriptions.user_id LEFT OUTER JOIN subscriptions ON user_subscriptions.subscription_id = subscriptions.id 
WHERE users.id = $1::INTEGER
2025-04-16 22:03:26 INFO [sqlalchemy.engine.Engine]: [generated in 0.00035s] (2,)
2025-04-16 22:03:26 INFO [sqlalchemy.engine.Engine]: ROLLBACK
2025-04-16 22:04:23 INFO [sqlalchemy.engine.Engine]: BEGIN (implicit)
2025-04-16 22:04:23 INFO [sqlalchemy.engine.Engine]: SELECT users.id, users.email, users.hashed_password, users.username, users.gender, users.date_of_birth, users.created_at, user_subscriptions.user_id, user_subscriptions.subscription_id, user_subscriptions.start_date, user_subscriptions.end_date, user_subscriptions.is_active, subscriptions.id AS id_1, subscriptions.subscription_type, subscriptions.created_at AS created_at_1 
FROM users LEFT OUTER JOIN user_subscriptions ON users.id = user_subscriptions.user_id LEFT OUTER JOIN subscriptions ON user_subscriptions.subscription_id = subscriptions.id 
WHERE users.id = $1::INTEGER
2025-04-16 22:04:23 INFO [sqlalchemy.engine.Engine]: [cached since 57.62s ago] (2,)
2025-04-16 22:04:23 ERROR [root]: User with id 2 not found
2025-04-16 22:04:23 INFO [sqlalchemy.engine.Engine]: ROLLBACK
